0 valor: 321.169
8 valor: 389.309
16 valor: 460.306
24 valor: 8.496
32 valor: 177.642
40 valor: 608.048
48 valor: 588.031
56 valor: 962.089
64 valor: 858.554
72 valor: 8.906
80 valor: 545.98
88 valor: 246.307
96 valor: 264.422
104 valor: 863.343
112 valor: 24.242
120 valor: 506.847
128 valor: 101.892
136 valor: 431.683
144 valor: 114.248
152 valor: 694.176
160 valor: 317.116
168 valor: 574.834
176 valor: 402.771
184 valor: 946.349
192 valor: 416.331
200 valor: 711.745
208 valor: 48.416
216 valor: 897.642
224 valor: 17.454
232 valor: 351.384
240 valor: 349.014
248 valor: 324.068
256 valor: 150.449
264 valor: 836.808
272 valor: 517.143
280 valor: 504.077
288 valor: 238.715
296 valor: 782.179
304 valor: 960.799
312 valor: 353.307
320 valor: 323.724
328 valor: 835.45
336 valor: 918.09
344 valor: 474.429
352 valor: 355.144
360 valor: 712.368
368 valor: 221.516
376 valor: 988.387
384 valor: 384.714
392 valor: 692.047
400 valor: 435.0
408 valor: 19.0
416 valor: 259.0
424 valor: 361.0
432 valor: 797.0
440 valor: 744.0
448 valor: 122.0
456 valor: 820.0
464 valor: 89.0
472 valor: 841.0
480 valor: 0.021
488 valor: 0.572
496 valor: 0.525
504 valor: 0.217
512 valor: 0.507
520 valor: 0.253
528 valor: 0.671
536 valor: 0.77
544 valor: 0.383
552 valor: 0.469
560 valor: 0.306
568 valor: 0.495
576 valor: 0.264
584 valor: 0.125
592 valor: 0.621
600 valor: 0.27
608 valor: 0.689
616 valor: 0.809
624 valor: 0.939
632 valor: 0.2
