323.724
353.307
353.307
960.799
960.799
782.179
782.179
238.715
238.715
504.077
504.077
517.143
517.143
836.808
836.808
150.449
150.449
324.068
324.068
349.014
349.014
351.384
351.384
17.454
17.454
897.642
897.642
48.416
48.416
711.745
711.745
416.331
416.331
946.349
946.349
402.771
402.771
574.834
574.834
317.116
317.116
694.176
694.176
114.248
114.248
431.683
431.683
101.892
101.892
506.847
506.847
24.242
24.242
863.343
863.343
264.422
264.422
246.307
246.307
545.98
545.98
8.906
8.906
858.554
858.554
962.089
962.089
588.031
588.031
608.048
608.048
177.642
177.642
8.496
8.496
460.306
460.306
389.309
389.309
321.169
